Using pre-set license

 COMMAND LINE ARGUMENTS:
/Applications/Unity/Hub/Editor/2020.3.3f1/Unity.app/Contents/MacOS/Unity
-adb2
-batchMode
-noUpm
-name
AssetImportWorker0
-projectPath
/Users/tcorah01/Developer/NWM/VictorianGalleryNWM/Unity
-logFile
Logs/AssetImportWorker0.log
-srvPort
56168
Successfully changed project path to: /Users/tcorah01/Developer/NWM/VictorianGalleryNWM/Unity
/Users/tcorah01/Developer/NWM/VictorianGalleryNWM/Unity
Using Asset Import Pipeline V2.
Refreshing native plugins compatible for Editor in 95.84 ms, found 5 plugins.
Preloading 0 native plugins for Editor in 0.00 ms.
Initialize engine version: 2020.3.3f1 (76626098c1c4)
[Subsystems] Discovering subsystems at path /Applications/Unity/Hub/Editor/2020.3.3f1/Unity.app/Contents/Resources/UnitySubsystems
[Subsystems] Discovering subsystems at path /Users/tcorah01/Developer/NWM/VictorianGalleryNWM/Unity/Assets
GfxDevice: creating device client; threaded=0
2022-01-14 12:43:03.801 Unity[30103:1314493] Color LCD preferred device: AMD Radeon Pro 5500M (high power)
2022-01-14 12:43:03.801 Unity[30103:1314493] Metal devices available: 2
2022-01-14 12:43:03.801 Unity[30103:1314493] 0: AMD Radeon Pro 5500M (high power)
2022-01-14 12:43:03.801 Unity[30103:1314493] 1: Intel(R) UHD Graphics 630 (low power)
2022-01-14 12:43:03.802 Unity[30103:1314493] Using device AMD Radeon Pro 5500M (high power)
Initializing Metal device caps: AMD Radeon Pro 5500M
Initialize mono
Mono path[0] = '/Applications/Unity/Hub/Editor/2020.3.3f1/Unity.app/Contents/Managed'
Mono path[1] = '/Applications/Unity/Hub/Editor/2020.3.3f1/Unity.app/Contents/MonoBleedingEdge/lib/mono/unityjit'
Mono config path = '/Applications/Unity/Hub/Editor/2020.3.3f1/Unity.app/Contents/MonoBleedingEdge/etc'
Using monoOptions --debugger-agent=transport=dt_socket,embedding=1,server=y,suspend=n,address=127.0.0.1:56103
Begin MonoManager ReloadAssembly
Registering precompiled unity dll's ...
Register platform support module: /Applications/Unity/Hub/Editor/2020.3.3f1/PlaybackEngines/WebGLSupport/UnityEditor.WebGL.Extensions.dll
Register platform support module: /Applications/Unity/Hub/Editor/2020.3.3f1/Unity.app/Contents/PlaybackEngines/MacStandaloneSupport/UnityEditor.OSXStandalone.Extensions.dll
Registered in 0.002447 seconds.
Native extension for OSXStandalone target not found
Native extension for WebGL target not found
Refreshing native plugins compatible for Editor in 43.60 ms, found 5 plugins.
Preloading 0 native plugins for Editor in 0.00 ms.
Invoked RoslynAnalysisRunner static constructor.
RoslynAnalysisRunner will not be running.
RoslynAnalysisRunner has terminated.
Mono: successfully reloaded assembly
- Completed reload, in  7.564 seconds
Platform modules already initialized, skipping
Registering precompiled user dll's ...
Registered in 0.005239 seconds.
Begin MonoManager ReloadAssembly
Native extension for OSXStandalone target not found
Native extension for WebGL target not found
Refreshing native plugins compatible for Editor in 46.98 ms, found 5 plugins.
Preloading 0 native plugins for Editor in 0.00 ms.
Invoked RoslynAnalysisRunner static constructor.
RoslynAnalysisRunner will not be running.
RoslynAnalysisRunner has terminated.
RefreshInfo: StopAssetImportingV2(NoUpdateAssetOptions) scanfilter: 
RefreshProfiler: Total: 0.000ms
Mono: successfully reloaded assembly
- Completed reload, in  1.287 seconds
Platform modules already initialized, skipping
========================================================================
Worker process is ready to serve import requests
Launching external process: /Applications/Unity/Hub/Editor/2020.3.3f1/Unity.app/Contents/Tools/UnityShaderCompiler
Launched and connected shader compiler UnityShaderCompiler after 0.02 seconds
Refreshing native plugins compatible for Editor in 1.10 ms, found 5 plugins.
Preloading 0 native plugins for Editor in 0.00 ms.
Unloading 3 Unused Serialized files (Serialized files now loaded: 0)
System memory in use before: 113.5 MB.
System memory in use after: 113.6 MB.

Unloading 106 unused Assets to reduce memory usage. Loaded Objects now: 2386.
Total: 2.351272 ms (FindLiveObjects: 0.321399 ms CreateObjectMapping: 0.107904 ms MarkObjects: 1.792325 ms  DeleteObjects: 0.127395 ms)

========================================================================
Received Import Request.
  path: Assets/Plugins/FMOD/Resources/FMODStudioSettings.asset
  artifactKey: Guid(23793e86ab71b4681b00478a7fe2d62d) Importer(815301076,1909f56bfc062723c751e8b465ee728b)
Start importing Assets/Plugins/FMOD/Resources/FMODStudioSettings.asset using Guid(23793e86ab71b4681b00478a7fe2d62d) Importer(815301076,1909f56bfc062723c751e8b465ee728b)  -> (artifact id: '1119518d4b8f21fe6ca6c836492148e9') in 0.602187 seconds
  Import took 0.606880 seconds .

========================================================================
Received Import Request.
  Time since last request: 0.858596 seconds.
  path: Assets/Plugins/FMOD/Resources/FMODStudioSettings.asset
  artifactKey: Guid(23793e86ab71b4681b00478a7fe2d62d) Importer(815301076,1909f56bfc062723c751e8b465ee728b)
Start importing Assets/Plugins/FMOD/Resources/FMODStudioSettings.asset using Guid(23793e86ab71b4681b00478a7fe2d62d) Importer(815301076,1909f56bfc062723c751e8b465ee728b)  -> (artifact id: '1119518d4b8f21fe6ca6c836492148e9') in 0.006363 seconds
  Import took 0.012493 seconds .

AssetImportWorkerClient::OnTransportError - code=2 error=End of file
